<?xml version="1.0" encoding="UTF-8"?>
<testng-results ignored="0" total="2" passed="2" failed="0" skipped="0">
  <reporter-output>
  </reporter-output>
  <suite started-at="2022-04-06T11:40:18 IST" name="Default suite" finished-at="2022-04-06T11:41:39 IST" duration-ms="80754">
    <groups>
    </groups>
    <test started-at="2022-04-06T11:40:18 IST" name="Default test" finished-at="2022-04-06T11:41:39 IST" duration-ms="80754">
      <class name="data_drivenTest.Data_DrivenTest">
        <test-method signature="dataDriven(java.lang.String, java.lang.String, int)[pri:0, instance:data_drivenTest.Data_DrivenTest@2177849e]" started-at="2022-04-06T11:40:19 IST" name="dataDriven" data-provider="getTotalFlight" finished-at="2022-04-06T11:40:50 IST" duration-ms="30968" status="PASS">
          <params>
            <param index="0">
              <value>
                <![CDATA[Bangalore]]>
              </value>
            </param>
            <param index="1">
              <value>
                <![CDATA[Goa]]>
              </value>
            </param>
            <param index="2">
              <value>
                <![CDATA[1]]>
              </value>
            </param>
          </params>
          <reporter-output>
          </reporter-output>
        </test-method> <!-- dataDriven -->
        <test-method signature="dataDriven(java.lang.String, java.lang.String, int)[pri:0, instance:data_drivenTest.Data_DrivenTest@2177849e]" started-at="2022-04-06T11:40:50 IST" name="dataDriven" data-provider="getTotalFlight" finished-at="2022-04-06T11:41:39 IST" duration-ms="49203" status="PASS">
          <params>
            <param index="0">
              <value>
                <![CDATA[Bangalore]]>
              </value>
            </param>
            <param index="1">
              <value>
                <![CDATA[Delhi]]>
              </value>
            </param>
            <param index="2">
              <value>
                <![CDATA[2]]>
              </value>
            </param>
          </params>
          <reporter-output>
          </reporter-output>
        </test-method> <!-- dataDriven -->
      </class> <!-- data_drivenTest.Data_DrivenTest -->
    </test> <!-- Default test -->
  </suite> <!-- Default suite -->
</testng-results>
